Arguments: 
  C:\Program Files\nodejs\node.exe C:\Users\wk\AppData\Roaming\npm\node_modules\yarn\bin\yarn.js test

PATH: 
  C:\Windows\system32;C:\Windows;C:\Windows\System32\Wbem;C:\Windows\System32\WindowsPowerShell\v1.0\;C:\Windows\System32\OpenSSH\;C:\Program Files\Microsoft VS Code\bin;C:\Program Files\nodejs\;C:\Program Files\php-7.4.15-nts-Win32-vc15-x64;C:\ProgramData\ComposerSetup\bin;C:\Program Files\Git\cmd;C:\Progra~1\Java\JDK-16\\bin;C:\Program Files\Java\javafx-sdk-16\bin;C:\Program Files\MiKTeX\miktex\bin\x64\;C:\Program Files\dotnet\;C:\Program Files\Ruby30-x64\bin;C:\Program Files\MiKTeX\miktex\bin;C:\Program Files\MySQL\MySQL Shell 8.0\bin\;C:\Users\wk\AppData\Local\Programs\Python\Python38\Scripts\;C:\Users\wk\AppData\Local\Programs\Python\Python38\;C:\Users\wk\AppData\Local\Microsoft\WindowsApps;C:\Users\wk\AppData\Roaming\npm;C:\Users\wk\AppData\Roaming\Composer\vendor\bin;C:\Users\wk\.dotnet\tools

Yarn version: 
  1.22.10

Node version: 
  14.16.0

Platform: 
  win32 x64

Trace: 
  SyntaxError: C:\Share\Hof\Zukünftige Vorlesungen\Webframework\hofjs-lib\package.json: Unexpected end of JSON input
      at JSON.parse (<anonymous>)
      at C:\Users\wk\AppData\Roaming\npm\node_modules\yarn\lib\cli.js:1625:59
      at Generator.next (<anonymous>)
      at step (C:\Users\wk\AppData\Roaming\npm\node_modules\yarn\lib\cli.js:310:30)
      at C:\Users\wk\AppData\Roaming\npm\node_modules\yarn\lib\cli.js:321:13

npm manifest: 
  {
    "name": "@hofjs/hofjs",
    "version": "0.0.22",
    "description": "High Observability Framework",
    "author": "Hof.js contributors",
    "repository": "https://github.com/hofjs/hof",
    "license": "MIT",
    "keywords": [
      "framework",
      "observability"
    ], 
    "main": "./lib/cjs/hof.js",
    "module": "./lib/esm/hof.js",
    "types": "./lib/esm/hof.d.ts",
    "browser": "./lib/nomodule/hof.js",
    "scripts": {
      "clean": "rd /s /q lib 2>nul && rd /s /q samples\\ts\\lib 2>nul || exit 0",
      "build": "yarn build:esm && yarn build:cjs && yarn build:nomodule && yarn build:samples",
      "build:esm": "tsc",
      "build:cjs": "tsc --module commonjs --outDir lib/cjs",
      "build:nomodule": "yarn esbuild src/esbuild-wrapper/hof.esbuild.ts --bundle --minify --sourcemap=external --outfile=lib/nomodule/hof.js",
      "build:samples": "tsc --project samples/ts/counterapp/tsconfig.json && tsc --project samples/ts/personlistapp/tsconfig.json",
      "build:debug": "yarn esbuild src/esbuild-wrapper/hof.esbuild.ts --bundle --sourcemap=external --outfile=lib/nomodule/hof.js",
      "prepublishOnly": "yarn build",
      "test": "node  --experimental-vm-modules --input-type=module node_modules/jest/bin/jest.js"
    },
    "devDependencies": {
      "esbuild": "^0.12.29",
      "jest": "^27.3.1",
      "typescript": "^4.4.4"
    },
    "files": [
      "/lib"
    ],
    "dependencies": {}
  }

yarn manifest: 
  No manifest

Lockfile: 
  # THIS IS AN AUTOGENERATED FILE. DO NOT EDIT THIS FILE DIRECTLY.
  # yarn lockfile v1
  
  
  esbuild@^0.12.9:
    version "0.12.9"
    resolved "https://registry.yarnpkg.com/esbuild/-/esbuild-0.12.9.tgz#bed4e7087c286cd81d975631f77d47feb1660070"
    integrity sha512-MWRhAbMOJ9RJygCrt778rz/qNYgA4ZVj6aXnNPxFjs7PmIpb0fuB9Gmg5uWrr6n++XKwwm/RmSz6RR5JL2Ocsw==
  
  typescript@^4.0.2:
    version "4.0.2"
    resolved "https://registry.yarnpkg.com/typescript/-/typescript-4.0.2.tgz#7ea7c88777c723c681e33bf7988be5d008d05ac2"
    integrity sha512-e4ERvRV2wb+rRZ/IQeb3jm2VxBsirQLpQhdxplZ2MEzGvDkkMmPglecnNDfSUBivMjP93vRbngYYDQqQ/78bcQ==
